Arguments: 
  C:\Program Files\nodejs\node.exe C:\Program Files (x86)\Yarn\bin\yarn.js add fs-extra

PATH: 
  C:\Windows\system32;C:\Windows;C:\Windows\System32\Wbem;C:\Windows\System32\WindowsPowerShell\v1.0\;C:\Windows\System32\OpenSSH\;C:\Program Files (x86)\NVIDIA Corporation\PhysX\Common;C:\Program Files\Git\cmd;C:\Program Files (x86)\Yarn\bin\;C:\Users\c-zhusm01\AppData\Roaming\nvm;C:\Program Files\nodejs;D:\mysql-8.0.23-winx64\mysql-8.0.23-winx64\bin;C:\WINDOWS\system32;C:\WINDOWS;C:\WINDOWS\System32\Wbem;C:\WINDOWS\System32\WindowsPowerShell\v1.0\;C:\WINDOWS\System32\OpenSSH\;D:\mysql-8.0.27-winx64\bin;;D:\wxdev\微信web开发者工具\dll;C:\Users\c-zhusm01\AppData\Local\Microsoft\WindowsApps;C:\Users\c-zhusm01\AppData\Roaming\npm;D:\vscode\Microsoft VS Code\bin;C:\Users\c-zhusm01\AppData\Local\Yarn\bin;C:\Users\c-zhusm01\Documents\Tencent Files\1249417348\FileRecv\githubdesktopxz\GitHubDesktop2.1.0.0\bin;C:\Users\c-zhusm01\AppData\Roaming\nvm;C:\Program Files\nodejs;D:\githubdesktopxz\githubdesktopxz\GitHubDesktop2.1.0.0\bin;

Yarn version: 
  1.22.5

Node version: 
  14.18.1

Platform: 
  win32 x64

Trace: 
  Error: connect ETIMEDOUT 104.16.22.35:443
      at TCPConnectWrap.afterConnect [as oncomplete] (net.js:1159:16)

npm manifest: 
  {
    "name": "zhu-cli",
    "bin": {
      "zhu": "./bin/cli"
    },
    "version": "1.0.0",
    "main": "index.js",
    "license": "MIT",
    "dependencies": {
      "chalk": "^5.0.1",
      "commander": "^9.3.0"
    }
  }

yarn manifest: 
  No manifest

Lockfile: 
  # THIS IS AN AUTOGENERATED FILE. DO NOT EDIT THIS FILE DIRECTLY.
  # yarn lockfile v1
  
  
  chalk@^5.0.1:
    version "5.0.1"
    resolved "https://registry.npmjs.org/chalk/-/chalk-5.0.1.tgz#ca57d71e82bb534a296df63bbacc4a1c22b2a4b6"
    integrity sha512-Fo07WOYGqMfCWHOzSXOt2CxDbC6skS/jO9ynEcmpANMoPrD+W1r1K6Vx7iNm+AQmETU1Xr2t+n8nzkV9t6xh3w==
  
  commander@^9.3.0:
    version "9.3.0"
    resolved "https://registry.npmjs.org/commander/-/commander-9.3.0.tgz#f619114a5a2d2054e0d9ff1b31d5ccf89255e26b"
    integrity sha512-hv95iU5uXPbK83mjrJKuZyFM/LBAoCV/XhVGkS5Je6tl7sxr6A0ITMw5WoRV46/UaJ46Nllm3Xt7IaJhXTIkzw==
